Info: Discipline:programacao: 23 mini seconds publishing element
Info: Task:definir_padrao_de_codificacao: 27 mini seconds publishing element
Info: Role:desenvolvedor: 43 mini seconds publishing element
Info: Artifact:xp_coding_standard: 31 mini seconds publishing element
Info: Artifact:produto_de_software: 10 mini seconds publishing element
Info: Task:estimatifa_de_tarefa: 13 mini seconds publishing element
Info: Task:refatoracao: 17 mini seconds publishing element
Info: Artifact:xp_metaphor: 16 mini seconds publishing element
Info: Artifact:xp_unit_test: 19 mini seconds publishing element
Info: Guideline:pair_programming: 30 mini seconds publishing element
Info: Guideline:refactoring: 12 mini seconds publishing element
Info: Discipline:prototipagem: 23 mini seconds publishing element
Info: Task:primeira_versao: 14 mini seconds publishing element
Info: Role:designer: 49 mini seconds publishing element
Info: Artifact:prototipo_de_tela: 12 mini seconds publishing element
Info: Artifact:xp_user_story: 17 mini seconds publishing element
Info: Task:versao_final: 19 mini seconds publishing element
Info: Discipline:requisitos: 7 mini seconds publishing element
Info: Task:levantar_requisitos: 25 mini seconds publishing element
Info: Role:analista: 47 mini seconds publishing element
Info: Artifact:visao_do_produto: 11 mini seconds publishing element
Info: Task:validar_requisitos: 21 mini seconds publishing element
Info: Task:define_coding_standard: 16 mini seconds publishing element
Info: Role:xp_programmer: 66 mini seconds publishing element
Info: Task:write_code: 24 mini seconds publishing element
Info: Example:test-ideas_catalog_examples: 21 mini seconds publishing element
Info: Task:estimate_task: 10 mini seconds publishing element
Info: Task:refactor_code: 14 mini seconds publishing element
Info: SupportingMaterial:xp_and_agile_process_references: 12 mini seconds publishing element
Info: Task:implement_spike: 11 mini seconds publishing element
Info: Concept:developer_testing: 30 mini seconds publishing element
Info: Concept:test_driven_development: 10 mini seconds publishing element
Info: Concept:test-first_design: 33 mini seconds publishing element
Info: Guideline:equivalence_class_analysis: 15 mini seconds publishing element
Info: Guideline:test_ideas_for_booleans_and_boundaries: 26 mini seconds publishing element
Info: Guideline:test_ideas_for_method_calls: 15 mini seconds publishing element
Info: Guideline:test_ideas_for_statechart_and_flow_diagrams: 17 mini seconds publishing element
Info: Task:breakdown_story: 15 mini seconds publishing element
Info: Concept:coding_standard: 10 mini seconds publishing element
Info: Concept:collective_ownership: 13 mini seconds publishing element
Info: Concept:continuous_integration: 9 mini seconds publishing element
Info: Concept:metaphor_system_of_names: 14 mini seconds publishing element
Info: Concept:pair_programming: 9 mini seconds publishing element
Info: Concept:refactoring_xp_programming: 10 mini seconds publishing element
Info: Concept:simple_design: 15 mini seconds publishing element
Info: Concept:test-ideas_catalog: 33 mini seconds publishing element
Info: Concept:test-ideas_list: 23 mini seconds publishing element
Info: Whitepaper:refactoring: 23 mini seconds publishing element
Info: Whitepaper:xp_guidelines_pair_programming: 23 mini seconds publishing element
Info: Whitepaper:xp_guidelines_test-first_design_and_refactoring: 25 mini seconds publishing element
Info: Role:xp_customer: 78 mini seconds publishing element
Info: Task:define_customer_test: 13 mini seconds publishing element
Info: Task:estimate_user_story: 18 mini seconds publishing element
Info: Task:track_story_completion: 10 mini seconds publishing element
Info: Task:write_user_story: 15 mini seconds publishing element
Info: Task:develop_xp_vision: 15 mini seconds publishing element
Info: Concept:customer_tests: 10 mini seconds publishing element
Info: Concept:planning_game: 10 mini seconds publishing element
Info: Concept:product_quality: 13 mini seconds publishing element
Info: Concept:small_releases: 10 mini seconds publishing element
Info: RoleSet:xp_roles: 10 mini seconds publishing element
Info: Task:integrate_system: 12 mini seconds publishing element
Info: Artifact:xp_production_code: 15 mini seconds publishing element
Info: Artifact:xp_build: 13 mini seconds publishing element
Info: Artifact:xp_iteration_plan: 16 mini seconds publishing element
Info: Guideline:test_driven_development_tdd: 19 mini seconds publishing element
Info: Task:update_iteration_plan: 14 mini seconds publishing element
Info: Task:define_iteration_plan: 14 mini seconds publishing element
Info: Task:define_release_plan: 19 mini seconds publishing element
Info: Task:report_acceptance_test_result: 10 mini seconds publishing element
Info: Task:report_project_status: 12 mini seconds publishing element
Info: Task:update_release_plan: 13 mini seconds publishing element
Info: Artifact:xp_release_plan: 19 mini seconds publishing element
Info: Artifact:xp_vision: 15 mini seconds publishing element
Info: Artifact:xp_customer_test: 11 mini seconds publishing element
Info: Role:xp_tracker: 26 mini seconds publishing element
Info: Task:automate_acceptance_test: 11 mini seconds publishing element
Info: Guideline:planning_game: 13 mini seconds publishing element
Info: Role:xp_coach: 41 mini seconds publishing element
Info: Role:xp_system_administrator: 26 mini seconds publishing element
Info: Role:xp_tester: 31 mini seconds publishing element
Info: Task:run_acceptance_test: 8 mini seconds publishing element
Info: Task:track_task_completion: 9 mini seconds publishing element
Info: Task:adapt_and_improve_process: 12 mini seconds publishing element
Info: Task:explain_process: 8 mini seconds publishing element
Info: Task:improve_team_skills: 11 mini seconds publishing element
Info: Task:keep_process_on_track: 9 mini seconds publishing element
Info: Task:resolve_conflicts: 9 mini seconds publishing element
Info: Concept:xp_sustainable_pace: 8 mini seconds publishing element
Info: Task:setup_programmer_environment: 14 mini seconds publishing element
Info: Task:setup_tester_environment: 8 mini seconds publishing element
Info: Concept:xp_values: 8 mini seconds publishing element
Info: Concept:xp_practices: 19 mini seconds publishing element
Info: Concept:whole_team: 12 mini seconds publishing element
Info: Guideline:open_workspace: 8 mini seconds publishing element
Info: Guideline:xp_environment: 8 mini seconds publishing element
Info: SupportingMaterial:xp_customer_team: 7 mini seconds publishing element
Info: SupportingMaterial:xp_developer_team: 5 mini seconds publishing element
Info: SupportingMaterial:xp_organization: 7 mini seconds publishing element
Info: Concept:xp_rights: 6 mini seconds publishing element
Info: : Publishing time: 0 minutes 3 seconds
